<?xml version="1.0" encoding="UTF-8"?>
<testng-results ignored="0" total="4" passed="4" failed="0" skipped="0">
  <reporter-output>
  </reporter-output>
  <suite started-at="2024-11-06T17:57:14 GMT+03:00" name="Default suite" finished-at="2024-11-06T17:57:40 GMT+03:00" duration-ms="25924">
    <groups>
    </groups>
    <test started-at="2024-11-06T17:57:14 GMT+03:00" name="Default test" finished-at="2024-11-06T17:57:40 GMT+03:00" duration-ms="25924">
      <class name="Mysecondproject">
        <test-method is-config="true" signature="mySetup()[pri:0, instance:Mysecondproject@366c4480]" started-at="2024-11-06T17:57:14 GMT+03:00" name="mySetup" finished-at="2024-11-06T17:57:15 GMT+03:00" duration-ms="1438" status="PASS">
          <reporter-output>
          </reporter-output>
        </test-method> <!-- mySetup -->
        <test-method signature="signUp()[pri:1, instance:Mysecondproject@366c4480]" started-at="2024-11-06T17:57:15 GMT+03:00" name="signUp" finished-at="2024-11-06T17:57:24 GMT+03:00" duration-ms="8476" status="PASS">
          <reporter-output>
          </reporter-output>
        </test-method> <!-- signUp -->
        <test-method signature="Logout()[pri:2, instance:Mysecondproject@366c4480]" started-at="2024-11-06T17:57:24 GMT+03:00" name="Logout" finished-at="2024-11-06T17:57:29 GMT+03:00" duration-ms="4789" status="PASS">
          <reporter-output>
          </reporter-output>
        </test-method> <!-- Logout -->
        <test-method signature="Login()[pri:3, instance:Mysecondproject@366c4480]" started-at="2024-11-06T17:57:29 GMT+03:00" name="Login" finished-at="2024-11-06T17:57:29 GMT+03:00" duration-ms="936" status="PASS">
          <reporter-output>
          </reporter-output>
        </test-method> <!-- Login -->
        <test-method signature="AddItemToThecart()[pri:4, instance:Mysecondproject@366c4480]" started-at="2024-11-06T17:57:30 GMT+03:00" name="AddItemToThecart" finished-at="2024-11-06T17:57:40 GMT+03:00" duration-ms="10206" status="PASS">
          <reporter-output>
          </reporter-output>
        </test-method> <!-- AddItemToThecart -->
      </class> <!-- Mysecondproject -->
    </test> <!-- Default test -->
  </suite> <!-- Default suite -->
</testng-results>
